2025/05/14 18:22:43 S3 menu item selected. bucketList pointer: <nil>
2025/05/14 18:22:43 Starting goroutine to load S3 buckets
2025/05/14 18:22:43 Loaded AWS config, creating S3 client
2025/05/14 18:22:44 Fetched buckets, count: 157
2025/05/14 18:22:44 Switching to bucketList panel
2025/05/14 18:23:30 S3 menu item selected. bucketList pointer: <nil>
2025/05/14 18:23:31 S3 menu item selected. bucketList pointer: <nil>
2025/05/14 18:23:56 S3 menu item selected. bucketList pointer: <nil>
2025/05/14 18:23:56 Starting goroutine to load S3 buckets
2025/05/14 18:23:56 Loaded AWS config, creating S3 client
2025/05/14 18:23:57 Fetched buckets, count: 157
2025/05/14 18:23:57 Switching to bucketList panel
2025/05/14 18:24:01 S3 menu item selected. bucketList pointer: &{0x14000598100 [0x14000376240 0x14000376270 0x140003762a0 0x140003762d0 0x14000376300 0x14000376330 0x14000376360 0x14000376390 0x140003763c0 0x140003763f0 0x14000376420 0x14000376450 0x14000376480 0x140003764b0 0x140003764e0 0x14000376510 0x14000376540 0x14000376570 0x140003765a0 0x140003765d0 0x14000376600 0x14000376630 0x14000376660 0x14000376690 0x140003766c0 0x140003766f0 0x14000376720 0x14000376750 0x14000376780 0x140003767b0 0x140003767e0 0x14000376810 0x14000376840 0x14000376870 0x140003768a0 0x140003768d0 0x14000376900 0x14000376930 0x14000376960 0x14000376990 0x140003769c0 0x140003769f0 0x14000376a20 0x14000376a50 0x14000376a80 0x14000376ab0 0x14000376ae0 0x14000376b10 0x14000376b40 0x14000376b70 0x14000376ba0 0x14000376bd0 0x14000376c00 0x14000376c30 0x14000376c60 0x14000376c90 0x14000376cc0 0x14000376cf0 0x14000376d20 0x14000376d50 0x14000376d80 0x14000376db0 0x14000376de0 0x14000376e10 0x14000376e40 0x14000376e70 0x14000376ea0 0x14000376ed0 0x14000376f00 0x14000376f30 0x14000376f60 0x14000376f90 0x14000376fc0 0x14000376ff0 0x14000377020 0x14000377050 0x14000377080 0x140003770b0 0x140003770e0 0x14000377110 0x14000377140 0x14000377170 0x140003771a0 0x140003771d0 0x14000377200 0x14000377230 0x14000377260 0x14000377290 0x140003772c0 0x140003772f0 0x14000377320 0x14000377350 0x14000377380 0x140003773b0 0x140003773e0 0x14000377410 0x14000377440 0x14000377470 0x140003774a0 0x140003774d0 0x14000377500 0x14000377530 0x14000377560 0x14000377590 0x140003775c0 0x140003775f0 0x14000377620 0x14000377650 0x14000377680 0x140003776b0 0x140003776e0 0x14000377710 0x14000377740 0x14000377770 0x140003777a0 0x140003777d0 0x14000377800 0x14000377830 0x14000377860 0x14000377890 0x140003778c0 0x140003778f0 0x14000377920 0x14000377950 0x14000377980 0x140003779b0 0x140003779e0 0x14000377a10 0x14000377a40 0x14000377a70 0x14000377aa0 0x14000377ad0 0x14000377b00 0x14000377b30 0x14000377b60 0x14000377b90 0x14000377bc0 0x14000377bf0 0x14000377c20 0x14000377c50 0x14000377c80 0x14000377cb0 0x14000377ce0 0x14000377d10 0x14000377d40 0x14000377d70 0x14000377da0 0x14000377dd0 0x14000377e00 0x14000377e30 0x14000377e60 0x14000377e90 0x14000377ec0 0x14000377ef0 0x14000377f20 0x14000377f50 0x140005d0000] 0 false {4294967311 4294967296 0  } {4294967298 4294967296 0  } {4294967307 4294967296 0  } {4294967296 4294967311 0  } false false true true true 0 0 <nil> <nil> 0x10057af50}
2025/05/14 18:24:01 bucketList found in flex: true
2025/05/14 18:24:09 S3 menu item selected. bucketList pointer: &{0x14000598100 [0x14000376240 0x14000376270 0x140003762a0 0x140003762d0 0x14000376300 0x14000376330 0x14000376360 0x14000376390 0x140003763c0 0x140003763f0 0x14000376420 0x14000376450 0x14000376480 0x140003764b0 0x140003764e0 0x14000376510 0x14000376540 0x14000376570 0x140003765a0 0x140003765d0 0x14000376600 0x14000376630 0x14000376660 0x14000376690 0x140003766c0 0x140003766f0 0x14000376720 0x14000376750 0x14000376780 0x140003767b0 0x140003767e0 0x14000376810 0x14000376840 0x14000376870 0x140003768a0 0x140003768d0 0x14000376900 0x14000376930 0x14000376960 0x14000376990 0x140003769c0 0x140003769f0 0x14000376a20 0x14000376a50 0x14000376a80 0x14000376ab0 0x14000376ae0 0x14000376b10 0x14000376b40 0x14000376b70 0x14000376ba0 0x14000376bd0 0x14000376c00 0x14000376c30 0x14000376c60 0x14000376c90 0x14000376cc0 0x14000376cf0 0x14000376d20 0x14000376d50 0x14000376d80 0x14000376db0 0x14000376de0 0x14000376e10 0x14000376e40 0x14000376e70 0x14000376ea0 0x14000376ed0 0x14000376f00 0x14000376f30 0x14000376f60 0x14000376f90 0x14000376fc0 0x14000376ff0 0x14000377020 0x14000377050 0x14000377080 0x140003770b0 0x140003770e0 0x14000377110 0x14000377140 0x14000377170 0x140003771a0 0x140003771d0 0x14000377200 0x14000377230 0x14000377260 0x14000377290 0x140003772c0 0x140003772f0 0x14000377320 0x14000377350 0x14000377380 0x140003773b0 0x140003773e0 0x14000377410 0x14000377440 0x14000377470 0x140003774a0 0x140003774d0 0x14000377500 0x14000377530 0x14000377560 0x14000377590 0x140003775c0 0x140003775f0 0x14000377620 0x14000377650 0x14000377680 0x140003776b0 0x140003776e0 0x14000377710 0x14000377740 0x14000377770 0x140003777a0 0x140003777d0 0x14000377800 0x14000377830 0x14000377860 0x14000377890 0x140003778c0 0x140003778f0 0x14000377920 0x14000377950 0x14000377980 0x140003779b0 0x140003779e0 0x14000377a10 0x14000377a40 0x14000377a70 0x14000377aa0 0x14000377ad0 0x14000377b00 0x14000377b30 0x14000377b60 0x14000377b90 0x14000377bc0 0x14000377bf0 0x14000377c20 0x14000377c50 0x14000377c80 0x14000377cb0 0x14000377ce0 0x14000377d10 0x14000377d40 0x14000377d70 0x14000377da0 0x14000377dd0 0x14000377e00 0x14000377e30 0x14000377e60 0x14000377e90 0x14000377ec0 0x14000377ef0 0x14000377f20 0x14000377f50 0x140005d0000] 1 false {4294967311 4294967296 0  } {4294967298 4294967296 0  } {4294967307 4294967296 0  } {4294967296 4294967311 0  } false false true true true 0 0 <nil> <nil> 0x10057af50}
2025/05/14 18:24:09 bucketList found in flex: true
2025/05/14 18:25:45 S3 menu item selected. bucketList pointer: <nil>
2025/05/14 18:25:45 Starting goroutine to load S3 buckets
2025/05/14 18:25:45 Loaded AWS config, creating S3 client
2025/05/14 18:25:46 Fetched buckets, count: 157
2025/05/14 18:25:46 Switching to bucketList panel
2025/05/14 18:25:48 Loading contents for bucket: academy-acp-course-videos
2025/05/14 18:26:01 S3 menu item selected. bucketList pointer: &{0x14000296400 [0x140000fed80 0x140000fedb0 0x140000fede0 0x140000fee10 0x140000fee40 0x140000fee70 0x140000feea0 0x140000feed0 0x140000fef00 0x140000fef30 0x140000fef60 0x140000fef90 0x140000fefc0 0x140000feff0 0x140000ff020 0x140000ff050 0x140000ff080 0x140000ff0b0 0x140000ff0e0 0x140000ff110 0x140000ff140 0x140000ff170 0x140000ff1a0 0x140000ff1d0 0x140000ff200 0x140000ff230 0x140000ff260 0x140000ff290 0x140000ff2c0 0x140000ff2f0 0x140000ff320 0x140000ff350 0x140000ff380 0x140000ff3b0 0x140000ff3e0 0x140000ff410 0x140000ff440 0x140000ff470 0x140000ff4a0 0x140000ff4d0 0x140000ff500 0x140000ff530 0x140000ff560 0x140000ff590 0x140000ff5c0 0x140000ff5f0 0x140000ff620 0x140000ff650 0x140000ff680 0x140000ff6b0 0x140000ff6e0 0x140000ff710 0x140000ff740 0x140000ff770 0x140000ff7a0 0x140000ff7d0 0x140000ff800 0x140000ff830 0x140000ff860 0x140000ff890 0x140000ff8c0 0x140000ff8f0 0x140000ff920 0x140000ff950 0x140000ff980 0x140000ff9b0 0x140000ff9e0 0x140000ffa10 0x140000ffa40 0x140000ffa70 0x140000ffaa0 0x140000ffad0 0x140000ffb00 0x140000ffb30 0x140000ffb60 0x140000ffb90 0x140000ffbc0 0x140000ffbf0 0x140000ffc20 0x140000ffc50 0x140000ffc80 0x140000ffcb0 0x140000ffce0 0x140000ffd10 0x140000ffd40 0x140000ffd70 0x140000ffda0 0x140000ffdd0 0x140000ffe00 0x140000ffe30 0x140000ffe60 0x140000ffe90 0x140000ffec0 0x140000ffef0 0x140000fff20 0x140000fff50 0x1400064a000 0x1400064a030 0x1400064a060 0x1400064a090 0x1400064a0c0 0x1400064a0f0 0x1400064a120 0x1400064a150 0x1400064a180 0x1400064a1b0 0x1400064a1e0 0x1400064a210 0x1400064a240 0x1400064a270 0x1400064a2a0 0x1400064a2d0 0x1400064a300 0x1400064a330 0x1400064a360 0x1400064a390 0x1400064a3c0 0x1400064a3f0 0x1400064a420 0x1400064a450 0x1400064a480 0x1400064a4b0 0x1400064a4e0 0x1400064a510 0x1400064a540 0x1400064a570 0x1400064a5a0 0x1400064a5d0 0x1400064a600 0x1400064a630 0x1400064a660 0x1400064a690 0x1400064a6c0 0x1400064a6f0 0x1400064a720 0x1400064a750 0x1400064a780 0x1400064a7b0 0x1400064a7e0 0x1400064a810 0x1400064a840 0x1400064a870 0x1400064a8a0 0x1400064a8d0 0x1400064a900 0x1400064a930 0x1400064a960 0x1400064a990 0x1400064a9c0 0x1400064a9f0 0x1400064aa20 0x1400064aa50 0x1400064aa80 0x1400064aab0 0x1400064aae0 0x1400064ab10 0x1400064ab40] 0 false {4294967311 4294967296 0  } {4294967298 4294967296 0  } {4294967307 4294967296 0  } {4294967296 4294967311 0  } false false true true true 0 0 <nil> <nil> 0x100a2ddc0}
2025/05/14 18:26:01 bucketList found in flex: false
2025/05/14 18:26:03 S3 menu item selected. bucketList pointer: &{0x14000296400 [0x140000fed80 0x140000fedb0 0x140000fede0 0x140000fee10 0x140000fee40 0x140000fee70 0x140000feea0 0x140000feed0 0x140000fef00 0x140000fef30 0x140000fef60 0x140000fef90 0x140000fefc0 0x140000feff0 0x140000ff020 0x140000ff050 0x140000ff080 0x140000ff0b0 0x140000ff0e0 0x140000ff110 0x140000ff140 0x140000ff170 0x140000ff1a0 0x140000ff1d0 0x140000ff200 0x140000ff230 0x140000ff260 0x140000ff290 0x140000ff2c0 0x140000ff2f0 0x140000ff320 0x140000ff350 0x140000ff380 0x140000ff3b0 0x140000ff3e0 0x140000ff410 0x140000ff440 0x140000ff470 0x140000ff4a0 0x140000ff4d0 0x140000ff500 0x140000ff530 0x140000ff560 0x140000ff590 0x140000ff5c0 0x140000ff5f0 0x140000ff620 0x140000ff650 0x140000ff680 0x140000ff6b0 0x140000ff6e0 0x140000ff710 0x140000ff740 0x140000ff770 0x140000ff7a0 0x140000ff7d0 0x140000ff800 0x140000ff830 0x140000ff860 0x140000ff890 0x140000ff8c0 0x140000ff8f0 0x140000ff920 0x140000ff950 0x140000ff980 0x140000ff9b0 0x140000ff9e0 0x140000ffa10 0x140000ffa40 0x140000ffa70 0x140000ffaa0 0x140000ffad0 0x140000ffb00 0x140000ffb30 0x140000ffb60 0x140000ffb90 0x140000ffbc0 0x140000ffbf0 0x140000ffc20 0x140000ffc50 0x140000ffc80 0x140000ffcb0 0x140000ffce0 0x140000ffd10 0x140000ffd40 0x140000ffd70 0x140000ffda0 0x140000ffdd0 0x140000ffe00 0x140000ffe30 0x140000ffe60 0x140000ffe90 0x140000ffec0 0x140000ffef0 0x140000fff20 0x140000fff50 0x1400064a000 0x1400064a030 0x1400064a060 0x1400064a090 0x1400064a0c0 0x1400064a0f0 0x1400064a120 0x1400064a150 0x1400064a180 0x1400064a1b0 0x1400064a1e0 0x1400064a210 0x1400064a240 0x1400064a270 0x1400064a2a0 0x1400064a2d0 0x1400064a300 0x1400064a330 0x1400064a360 0x1400064a390 0x1400064a3c0 0x1400064a3f0 0x1400064a420 0x1400064a450 0x1400064a480 0x1400064a4b0 0x1400064a4e0 0x1400064a510 0x1400064a540 0x1400064a570 0x1400064a5a0 0x1400064a5d0 0x1400064a600 0x1400064a630 0x1400064a660 0x1400064a690 0x1400064a6c0 0x1400064a6f0 0x1400064a720 0x1400064a750 0x1400064a780 0x1400064a7b0 0x1400064a7e0 0x1400064a810 0x1400064a840 0x1400064a870 0x1400064a8a0 0x1400064a8d0 0x1400064a900 0x1400064a930 0x1400064a960 0x1400064a990 0x1400064a9c0 0x1400064a9f0 0x1400064aa20 0x1400064aa50 0x1400064aa80 0x1400064aab0 0x1400064aae0 0x1400064ab10 0x1400064ab40] 0 false {4294967311 4294967296 0  } {4294967298 4294967296 0  } {4294967307 4294967296 0  } {4294967296 4294967311 0  } false false true true true 0 0 <nil> <nil> 0x100a2ddc0}
2025/05/14 18:26:03 bucketList found in flex: false
2025/05/14 18:26:04 S3 menu item selected. bucketList pointer: &{0x14000296400 [0x140000fed80 0x140000fedb0 0x140000fede0 0x140000fee10 0x140000fee40 0x140000fee70 0x140000feea0 0x140000feed0 0x140000fef00 0x140000fef30 0x140000fef60 0x140000fef90 0x140000fefc0 0x140000feff0 0x140000ff020 0x140000ff050 0x140000ff080 0x140000ff0b0 0x140000ff0e0 0x140000ff110 0x140000ff140 0x140000ff170 0x140000ff1a0 0x140000ff1d0 0x140000ff200 0x140000ff230 0x140000ff260 0x140000ff290 0x140000ff2c0 0x140000ff2f0 0x140000ff320 0x140000ff350 0x140000ff380 0x140000ff3b0 0x140000ff3e0 0x140000ff410 0x140000ff440 0x140000ff470 0x140000ff4a0 0x140000ff4d0 0x140000ff500 0x140000ff530 0x140000ff560 0x140000ff590 0x140000ff5c0 0x140000ff5f0 0x140000ff620 0x140000ff650 0x140000ff680 0x140000ff6b0 0x140000ff6e0 0x140000ff710 0x140000ff740 0x140000ff770 0x140000ff7a0 0x140000ff7d0 0x140000ff800 0x140000ff830 0x140000ff860 0x140000ff890 0x140000ff8c0 0x140000ff8f0 0x140000ff920 0x140000ff950 0x140000ff980 0x140000ff9b0 0x140000ff9e0 0x140000ffa10 0x140000ffa40 0x140000ffa70 0x140000ffaa0 0x140000ffad0 0x140000ffb00 0x140000ffb30 0x140000ffb60 0x140000ffb90 0x140000ffbc0 0x140000ffbf0 0x140000ffc20 0x140000ffc50 0x140000ffc80 0x140000ffcb0 0x140000ffce0 0x140000ffd10 0x140000ffd40 0x140000ffd70 0x140000ffda0 0x140000ffdd0 0x140000ffe00 0x140000ffe30 0x140000ffe60 0x140000ffe90 0x140000ffec0 0x140000ffef0 0x140000fff20 0x140000fff50 0x1400064a000 0x1400064a030 0x1400064a060 0x1400064a090 0x1400064a0c0 0x1400064a0f0 0x1400064a120 0x1400064a150 0x1400064a180 0x1400064a1b0 0x1400064a1e0 0x1400064a210 0x1400064a240 0x1400064a270 0x1400064a2a0 0x1400064a2d0 0x1400064a300 0x1400064a330 0x1400064a360 0x1400064a390 0x1400064a3c0 0x1400064a3f0 0x1400064a420 0x1400064a450 0x1400064a480 0x1400064a4b0 0x1400064a4e0 0x1400064a510 0x1400064a540 0x1400064a570 0x1400064a5a0 0x1400064a5d0 0x1400064a600 0x1400064a630 0x1400064a660 0x1400064a690 0x1400064a6c0 0x1400064a6f0 0x1400064a720 0x1400064a750 0x1400064a780 0x1400064a7b0 0x1400064a7e0 0x1400064a810 0x1400064a840 0x1400064a870 0x1400064a8a0 0x1400064a8d0 0x1400064a900 0x1400064a930 0x1400064a960 0x1400064a990 0x1400064a9c0 0x1400064a9f0 0x1400064aa20 0x1400064aa50 0x1400064aa80 0x1400064aab0 0x1400064aae0 0x1400064ab10 0x1400064ab40] 0 false {4294967311 4294967296 0  } {4294967298 4294967296 0  } {4294967307 4294967296 0  } {4294967296 4294967311 0  } false false true true true 0 0 <nil> <nil> 0x100a2ddc0}
2025/05/14 18:26:04 bucketList found in flex: false
2025/05/14 18:29:27 S3 menu item selected. bucketList pointer: <nil>
2025/05/14 18:29:27 Starting goroutine to load S3 buckets
2025/05/14 18:29:27 Loaded AWS config, creating S3 client
2025/05/14 18:29:28 Fetched buckets, count: 157
2025/05/14 18:29:28 Switching to bucketList panel
2025/05/14 18:29:30 Loading contents for bucket: academy-acp-course-videos
2025/05/14 18:29:44 Loading contents for bucket: academy-acp-pipeline-artifacts
2025/05/14 18:29:54 Loading contents for bucket: academy-website-dev.academy.incision.care
2025/05/14 18:30:05 Loading contents for bucket: academy-test-course-videos
2025/05/14 18:30:14 Loading contents for bucket: anatomy-models-dev
2025/05/14 18:33:22 S3 menu item selected. bucketList pointer: <nil>
2025/05/14 18:33:22 Starting goroutine to load S3 buckets
2025/05/14 18:33:22 Loaded AWS config, creating S3 client
2025/05/14 18:33:23 Fetched buckets, count: 157
2025/05/14 18:33:23 Switching to bucketList panel
2025/05/14 18:33:30 Loading contents for bucket: academy-dta-s3-access-logs
2025/05/14 18:33:35 Selected object: incision-academy-protected-test/2022-12-30-10-11-47-141491E94F1918E5
2025/05/14 18:35:21 S3 menu item selected. bucketList pointer: <nil>
2025/05/14 18:35:21 Starting goroutine to load S3 buckets
2025/05/14 18:35:21 Loaded AWS config, creating S3 client
2025/05/14 18:35:22 Fetched buckets, count: 157
2025/05/14 18:35:22 Switching to bucketList panel
2025/05/14 18:35:25 Loading contents for bucket: academy-dta-s3-access-logs
2025/05/14 18:35:28 Selected object: incision-academy-protected-test/2022-12-30-10-11-47-141491E94F1918E5
2025/05/14 18:35:46 Selected object: incision-academy-protected-test/2022-12-30-10-12-23-DC2247452435CE64
2025/05/14 18:36:14 Downloaded incision-academy-protected-test/2022-12-30-10-12-23-DC2247452435CE64 successfully
2025/05/14 18:36:57 Loading contents for bucket: assist-dev-hospital-materials-csv
2025/05/14 18:37:01 Selected object: hospital1_OrgId_07af66e9-b17d-4389-9878-234d294bb9af_Lang_en-us.xlsx
2025/05/14 18:37:10 Downloaded hospital1_OrgId_07af66e9-b17d-4389-9878-234d294bb9af_Lang_en-us.xlsx successfully
2025/05/14 18:37:31 Loading contents for bucket: assist-dev-global-materials-csv
2025/05/14 18:37:36 Downloaded global-materials-Abbott.csv successfully
2025/05/14 18:40:26 S3 menu item selected. bucketList pointer: <nil>
2025/05/14 18:40:26 Starting goroutine to load S3 buckets
2025/05/14 18:40:26 Loaded AWS config, creating S3 client
2025/05/14 18:40:27 Fetched buckets, count: 157
2025/05/14 18:40:27 Switching to bucketList panel with filter
2025/05/14 18:40:58 Loading contents for bucket: academy-acp-course-videos
2025/05/14 18:41:31 S3 menu item selected. bucketList pointer: <nil>
2025/05/14 18:41:31 Starting goroutine to load S3 buckets
2025/05/14 18:41:31 Loaded AWS config, creating S3 client
2025/05/14 18:41:32 Fetched buckets, count: 157
2025/05/14 18:41:32 Switching to bucketList panel with filter
2025/05/14 18:41:38 Loading contents for bucket: academy-dev-course-videos
2025/05/14 18:41:46 Loading contents for bucket: academy-test-course-videos
2025/05/14 18:48:02 S3 menu item selected. bucketList pointer: <nil>
2025/05/14 18:48:02 Starting goroutine to load S3 buckets
2025/05/14 18:48:02 Loaded AWS config, creating S3 client
2025/05/14 18:48:03 Fetched buckets, count: 157
2025/05/14 18:48:03 Switching to bucketList panel with filter at bottom
2025/05/14 18:48:11 S3 menu item selected. bucketList pointer: &{0x1400031a700 [0x1400037a780 0x1400037a7b0 0x1400037a7e0 0x1400037a810 0x1400037a840 0x1400037a870 0x1400037a8a0 0x1400037a8d0 0x1400037a900 0x1400037a930 0x1400037a960 0x1400037a990 0x1400037a9c0 0x1400037a9f0 0x1400037aa20 0x1400037aa50 0x1400037aa80 0x1400037aab0 0x1400037aae0 0x1400037ab10 0x1400037ab40 0x1400037ab70 0x1400037aba0 0x1400037abd0 0x1400037ac00 0x1400037ac30 0x1400037ac60 0x1400037ac90 0x1400037acc0 0x1400037acf0 0x1400037ad20 0x1400037ad50 0x1400037ad80 0x1400037adb0 0x1400037ade0 0x1400037ae10 0x1400037ae40 0x1400037ae70 0x1400037aea0 0x1400037aed0 0x1400037af00 0x1400037af30 0x1400037af60 0x1400037af90 0x1400037afc0 0x1400037aff0 0x1400037b020 0x1400037b050 0x1400037b080 0x1400037b0b0 0x1400037b0e0 0x1400037b110 0x1400037b140 0x1400037b170 0x1400037b1a0 0x1400037b1d0 0x1400037b200 0x1400037b230 0x1400037b260 0x1400037b290 0x1400037b2c0 0x1400037b2f0 0x1400037b320 0x1400037b350 0x1400037b380 0x1400037b3b0 0x1400037b3e0 0x1400037b410 0x1400037b440 0x1400037b470 0x1400037b4a0 0x1400037b4d0 0x1400037b500 0x1400037b530 0x1400037b560 0x1400037b590 0x1400037b5c0 0x1400037b5f0 0x1400037b620 0x1400037b650 0x1400037b680 0x1400037b6b0 0x1400037b6e0 0x1400037b710 0x1400037b740 0x1400037b770 0x1400037b7a0 0x1400037b7d0 0x1400037b800 0x1400037b830 0x1400037b860 0x1400037b890 0x1400037b8c0 0x1400037b8f0 0x1400037b920 0x1400037b950 0x1400037b980 0x1400037b9b0 0x1400037b9e0 0x1400037ba10 0x1400037ba40 0x1400037ba70 0x1400037baa0 0x1400037bad0 0x1400037bb00 0x1400037bb30 0x1400037bb60 0x1400037bb90 0x1400037bbc0 0x1400037bbf0 0x1400037bc20 0x1400037bc50 0x1400037bc80 0x1400037bcb0 0x1400037bce0 0x1400037bd10 0x1400037bd40 0x1400037bd70 0x1400037bda0 0x1400037bdd0 0x1400037be00 0x1400037be30 0x1400037be60 0x1400037be90 0x1400037bec0 0x1400037bef0 0x1400037bf20 0x1400037bf50 0x1400053e000 0x1400053e030 0x1400053e060 0x1400053e090 0x1400053e0c0 0x1400053e0f0 0x1400053e120 0x1400053e150 0x1400053e180 0x1400053e1b0 0x1400053e1e0 0x1400053e210 0x1400053e240 0x1400053e270 0x1400053e2a0 0x1400053e2d0 0x1400053e300 0x1400053e330 0x1400053e360 0x1400053e390 0x1400053e3c0 0x1400053e3f0 0x1400053e420 0x1400053e450 0x1400053e480 0x1400053e4b0 0x1400053e4e0 0x1400053e510 0x1400053e540] 0 false {4294967311 4294967296 0  } {4294967298 4294967296 0  } {4294967307 4294967296 0  } {4294967296 4294967311 0  } false false true true true 0 0 <nil> <nil> 0x100463a90}
2025/05/14 18:48:11 bucketList found in flex: false
2025/05/14 18:49:10 S3 menu item selected. bucketList pointer: <nil>
2025/05/14 18:49:10 Starting goroutine to load S3 buckets
2025/05/14 18:49:10 Loaded AWS config, creating S3 client
2025/05/14 18:49:11 Fetched buckets, count: 157
2025/05/14 18:49:11 Switching to bucketList panel with filter at bottom
2025/05/14 18:49:57 S3 menu item selected. bucketList pointer: <nil>
2025/05/14 18:49:57 Starting goroutine to load S3 buckets
2025/05/14 18:49:57 Loaded AWS config, creating S3 client
2025/05/14 18:49:58 Fetched buckets, count: 157
2025/05/14 18:49:58 Switching to bucketList panel with filter at bottom
2025/05/14 18:50:12 Loading contents for bucket: ehr-data-assist-dev
2025/05/14 18:50:53 S3 menu item selected. bucketList pointer: <nil>
2025/05/14 18:50:53 Starting goroutine to load S3 buckets
2025/05/14 18:50:53 Loaded AWS config, creating S3 client
2025/05/14 18:50:54 Fetched buckets, count: 157
2025/05/14 18:50:54 Switching to bucketList panel with filter at bottom
2025/05/14 18:51:01 Loading contents for bucket: ehr-data-assist-dev
2025/05/14 18:51:20 Loading contents for bucket: ehr-data-assist-dev
2025/05/14 18:51:26 Selected object: unprocessed/0696d85c-9e1c-43f9-85d7-707346cb33a5/
2025/05/14 18:51:33 Downloaded processed/testOrganizationId/PrefCardEdits_1747223520858.json successfully
2025/05/14 18:56:06 S3 menu item selected. bucketList pointer: <nil>
2025/05/14 18:56:06 Starting goroutine to load S3 buckets
2025/05/14 18:56:06 Loaded AWS config, creating S3 client
2025/05/14 18:56:07 Fetched buckets, count: 157
2025/05/14 18:56:07 Switching to bucketList panel with filter at bottom
2025/05/14 18:59:56 S3 menu item selected. bucketList pointer: <nil>
2025/05/14 18:59:56 Starting goroutine to load S3 buckets
2025/05/14 18:59:56 Loaded AWS config, creating S3 client
2025/05/14 18:59:57 Fetched buckets, count: 157
2025/05/14 18:59:57 Switching to bucketList panel with filter at bottom
2025/05/14 19:00:16 S3 menu item selected. bucketList pointer: &{0x14000338700 [0x140004b37a0 0x140004b37d0 0x140004b3800 0x140004b3830 0x140004b3860 0x140004b3890 0x140004b38c0 0x140004b38f0 0x140004b3920 0x140004b3950 0x140004b3980 0x140004b39b0 0x140004b39e0 0x140004b3a10 0x140004b3a40 0x140004b3a70 0x140004b3aa0 0x140004b3ad0 0x140004b3b00 0x140004b3b30 0x140004b3b60 0x140004b3b90 0x140004b3bc0 0x140004b3bf0 0x140004b3c20 0x140004b3c50 0x140004b3c80 0x140004b3cb0 0x140004b3ce0 0x140004b3d10 0x140004b3d40 0x140004b3d70 0x140004b3da0 0x140004b3dd0 0x140004b3e00 0x140004b3e30 0x140004b3e60 0x140004b3e90 0x140004b3ec0 0x140004b3ef0 0x140004b3f20 0x140004b3f50 0x14000532000 0x14000532030 0x14000532060 0x14000532090 0x140005320c0 0x140005320f0 0x14000532120 0x14000532150 0x14000532180 0x140005321b0 0x140005321e0 0x14000532210 0x14000532240 0x14000532270 0x140005322a0 0x140005322d0 0x14000532300 0x14000532330 0x14000532360 0x14000532390 0x140005323c0 0x140005323f0 0x14000532420 0x14000532450 0x14000532480 0x140005324b0 0x140005324e0 0x14000532510 0x14000532540 0x14000532570 0x140005325a0 0x140005325d0 0x14000532600 0x14000532630 0x14000532660 0x14000532690 0x140005326c0 0x140005326f0 0x14000532720 0x14000532750 0x14000532780 0x140005327b0 0x140005327e0 0x14000532810 0x14000532840 0x14000532870 0x140005328a0 0x140005328d0 0x14000532900 0x14000532930 0x14000532960 0x14000532990 0x140005329c0 0x140005329f0 0x14000532a20 0x14000532a50 0x14000532a80 0x14000532ab0 0x14000532ae0 0x14000532b10 0x14000532b40 0x14000532b70 0x14000532ba0 0x14000532bd0 0x14000532c00 0x14000532c30 0x14000532c60 0x14000532c90 0x14000532cc0 0x14000532cf0 0x14000532d20 0x14000532d50 0x14000532d80 0x14000532db0 0x14000532de0 0x14000532e10 0x14000532e40 0x14000532e70 0x14000532ea0 0x14000532ed0 0x14000532f00 0x14000532f30 0x14000532f60 0x14000532f90 0x14000532fc0 0x14000532ff0 0x14000533020 0x14000533050 0x14000533080 0x140005330b0 0x140005330e0 0x14000533110 0x14000533140 0x14000533170 0x140005331a0 0x140005331d0 0x14000533200 0x14000533230 0x14000533260 0x14000533290 0x140005332c0 0x140005332f0 0x14000533320 0x14000533350 0x14000533380 0x140005333b0 0x140005333e0 0x14000533410 0x14000533440 0x14000533470 0x140005334a0 0x140005334d0 0x14000533500 0x14000533530 0x14000533560] 2 false {4294967311 4294967296 0  } {4294967298 4294967296 0  } {4294967307 4294967296 0  } {4294967296 4294967311 0  } false false true true true 0 0 <nil> <nil> 0x10486f1e0}
2025/05/14 19:00:16 bucketList found in flex: false
2025/05/14 19:00:28 S3 menu item selected. bucketList pointer: &{0x14000338700 [0x140004b37a0 0x140004b37d0 0x140004b3800 0x140004b3830 0x140004b3860 0x140004b3890 0x140004b38c0 0x140004b38f0 0x140004b3920 0x140004b3950 0x140004b3980 0x140004b39b0 0x140004b39e0 0x140004b3a10 0x140004b3a40 0x140004b3a70 0x140004b3aa0 0x140004b3ad0 0x140004b3b00 0x140004b3b30 0x140004b3b60 0x140004b3b90 0x140004b3bc0 0x140004b3bf0 0x140004b3c20 0x140004b3c50 0x140004b3c80 0x140004b3cb0 0x140004b3ce0 0x140004b3d10 0x140004b3d40 0x140004b3d70 0x140004b3da0 0x140004b3dd0 0x140004b3e00 0x140004b3e30 0x140004b3e60 0x140004b3e90 0x140004b3ec0 0x140004b3ef0 0x140004b3f20 0x140004b3f50 0x14000532000 0x14000532030 0x14000532060 0x14000532090 0x140005320c0 0x140005320f0 0x14000532120 0x14000532150 0x14000532180 0x140005321b0 0x140005321e0 0x14000532210 0x14000532240 0x14000532270 0x140005322a0 0x140005322d0 0x14000532300 0x14000532330 0x14000532360 0x14000532390 0x140005323c0 0x140005323f0 0x14000532420 0x14000532450 0x14000532480 0x140005324b0 0x140005324e0 0x14000532510 0x14000532540 0x14000532570 0x140005325a0 0x140005325d0 0x14000532600 0x14000532630 0x14000532660 0x14000532690 0x140005326c0 0x140005326f0 0x14000532720 0x14000532750 0x14000532780 0x140005327b0 0x140005327e0 0x14000532810 0x14000532840 0x14000532870 0x140005328a0 0x140005328d0 0x14000532900 0x14000532930 0x14000532960 0x14000532990 0x140005329c0 0x140005329f0 0x14000532a20 0x14000532a50 0x14000532a80 0x14000532ab0 0x14000532ae0 0x14000532b10 0x14000532b40 0x14000532b70 0x14000532ba0 0x14000532bd0 0x14000532c00 0x14000532c30 0x14000532c60 0x14000532c90 0x14000532cc0 0x14000532cf0 0x14000532d20 0x14000532d50 0x14000532d80 0x14000532db0 0x14000532de0 0x14000532e10 0x14000532e40 0x14000532e70 0x14000532ea0 0x14000532ed0 0x14000532f00 0x14000532f30 0x14000532f60 0x14000532f90 0x14000532fc0 0x14000532ff0 0x14000533020 0x14000533050 0x14000533080 0x140005330b0 0x140005330e0 0x14000533110 0x14000533140 0x14000533170 0x140005331a0 0x140005331d0 0x14000533200 0x14000533230 0x14000533260 0x14000533290 0x140005332c0 0x140005332f0 0x14000533320 0x14000533350 0x14000533380 0x140005333b0 0x140005333e0 0x14000533410 0x14000533440 0x14000533470 0x140005334a0 0x140005334d0 0x14000533500 0x14000533530 0x14000533560] 2 false {4294967311 4294967296 0  } {4294967298 4294967296 0  } {4294967307 4294967296 0  } {4294967296 4294967311 0  } false false true true true 0 0 <nil> <nil> 0x10486f1e0}
2025/05/14 19:00:28 bucketList found in flex: false
2025/05/14 19:00:35 S3 menu item selected. bucketList pointer: &{0x14000338700 [0x140004b37a0 0x140004b37d0 0x140004b3800 0x140004b3830 0x140004b3860 0x140004b3890 0x140004b38c0 0x140004b38f0 0x140004b3920 0x140004b3950 0x140004b3980 0x140004b39b0 0x140004b39e0 0x140004b3a10 0x140004b3a40 0x140004b3a70 0x140004b3aa0 0x140004b3ad0 0x140004b3b00 0x140004b3b30 0x140004b3b60 0x140004b3b90 0x140004b3bc0 0x140004b3bf0 0x140004b3c20 0x140004b3c50 0x140004b3c80 0x140004b3cb0 0x140004b3ce0 0x140004b3d10 0x140004b3d40 0x140004b3d70 0x140004b3da0 0x140004b3dd0 0x140004b3e00 0x140004b3e30 0x140004b3e60 0x140004b3e90 0x140004b3ec0 0x140004b3ef0 0x140004b3f20 0x140004b3f50 0x14000532000 0x14000532030 0x14000532060 0x14000532090 0x140005320c0 0x140005320f0 0x14000532120 0x14000532150 0x14000532180 0x140005321b0 0x140005321e0 0x14000532210 0x14000532240 0x14000532270 0x140005322a0 0x140005322d0 0x14000532300 0x14000532330 0x14000532360 0x14000532390 0x140005323c0 0x140005323f0 0x14000532420 0x14000532450 0x14000532480 0x140005324b0 0x140005324e0 0x14000532510 0x14000532540 0x14000532570 0x140005325a0 0x140005325d0 0x14000532600 0x14000532630 0x14000532660 0x14000532690 0x140005326c0 0x140005326f0 0x14000532720 0x14000532750 0x14000532780 0x140005327b0 0x140005327e0 0x14000532810 0x14000532840 0x14000532870 0x140005328a0 0x140005328d0 0x14000532900 0x14000532930 0x14000532960 0x14000532990 0x140005329c0 0x140005329f0 0x14000532a20 0x14000532a50 0x14000532a80 0x14000532ab0 0x14000532ae0 0x14000532b10 0x14000532b40 0x14000532b70 0x14000532ba0 0x14000532bd0 0x14000532c00 0x14000532c30 0x14000532c60 0x14000532c90 0x14000532cc0 0x14000532cf0 0x14000532d20 0x14000532d50 0x14000532d80 0x14000532db0 0x14000532de0 0x14000532e10 0x14000532e40 0x14000532e70 0x14000532ea0 0x14000532ed0 0x14000532f00 0x14000532f30 0x14000532f60 0x14000532f90 0x14000532fc0 0x14000532ff0 0x14000533020 0x14000533050 0x14000533080 0x140005330b0 0x140005330e0 0x14000533110 0x14000533140 0x14000533170 0x140005331a0 0x140005331d0 0x14000533200 0x14000533230 0x14000533260 0x14000533290 0x140005332c0 0x140005332f0 0x14000533320 0x14000533350 0x14000533380 0x140005333b0 0x140005333e0 0x14000533410 0x14000533440 0x14000533470 0x140005334a0 0x140005334d0 0x14000533500 0x14000533530 0x14000533560] 2 false {4294967311 4294967296 0  } {4294967298 4294967296 0  } {4294967307 4294967296 0  } {4294967296 4294967311 0  } false false true true true 0 0 <nil> <nil> 0x10486f1e0}
2025/05/14 19:00:35 bucketList found in flex: false
2025/05/14 19:01:01 S3 menu item selected. bucketList pointer: <nil>
2025/05/14 19:01:01 Starting goroutine to load S3 buckets
2025/05/14 19:01:01 Loaded AWS config, creating S3 client
2025/05/14 19:01:02 Fetched buckets, count: 157
2025/05/14 19:01:02 Switching to bucketList panel with filter at bottom
2025/05/14 19:01:10 S3 menu item selected. bucketList pointer: &{0x14000360900 [0x140002e8150 0x140002e8180 0x140002e81b0 0x140002e81e0 0x140002e8210 0x140002e8240 0x140002e8270 0x140002e82a0 0x140002e82d0 0x140002e8300 0x140002e8330 0x140002e8360 0x140002e8390 0x140002e83c0 0x140002e83f0 0x140002e8420 0x140002e8450 0x140002e8480 0x140002e84b0 0x140002e84e0 0x140002e8510 0x140002e8540 0x140002e8570 0x140002e85a0 0x140002e85d0 0x140002e8600 0x140002e8630 0x140002e8660 0x140002e8690 0x140002e86c0 0x140002e86f0 0x140002e8720 0x140002e8750 0x140002e8780 0x140002e87b0 0x140002e87e0 0x140002e8810 0x140002e8840 0x140002e8870 0x140002e88a0 0x140002e88d0 0x140002e8900 0x140002e8930 0x140002e8960 0x140002e8990 0x140002e89c0 0x140002e89f0 0x140002e8a20 0x140002e8a50 0x140002e8a80 0x140002e8ab0 0x140002e8ae0 0x140002e8b10 0x140002e8b40 0x140002e8b70 0x140002e8ba0 0x140002e8bd0 0x140002e8c00 0x140002e8c30 0x140002e8c60 0x140002e8c90 0x140002e8cc0 0x140002e8cf0 0x140002e8d20 0x140002e8d50 0x140002e8d80 0x140002e8db0 0x140002e8de0 0x140002e8e10 0x140002e8e40 0x140002e8e70 0x140002e8ea0 0x140002e8ed0 0x140002e8f00 0x140002e8f30 0x140002e8f60 0x140002e8f90 0x140002e8fc0 0x140002e8ff0 0x140002e9020 0x140002e9050 0x140002e9080 0x140002e90b0 0x140002e90e0 0x140002e9110 0x140002e9140 0x140002e9170 0x140002e91a0 0x140002e91d0 0x140002e9200 0x140002e9230 0x140002e9260 0x140002e9290 0x140002e92c0 0x140002e92f0 0x140002e9320 0x140002e9350 0x140002e9380 0x140002e93b0 0x140002e93e0 0x140002e9410 0x140002e9440 0x140002e9470 0x140002e94a0 0x140002e94d0 0x140002e9500 0x140002e9530 0x140002e9560 0x140002e9590 0x140002e95c0 0x140002e95f0 0x140002e9620 0x140002e9650 0x140002e9680 0x140002e96b0 0x140002e96e0 0x140002e9710 0x140002e9740 0x140002e9770 0x140002e97a0 0x140002e97d0 0x140002e9800 0x140002e9830 0x140002e9860 0x140002e9890 0x140002e98c0 0x140002e98f0 0x140002e9920 0x140002e9950 0x140002e9980 0x140002e99b0 0x140002e99e0 0x140002e9a10 0x140002e9a40 0x140002e9a70 0x140002e9aa0 0x140002e9ad0 0x140002e9b00 0x140002e9b30 0x140002e9b60 0x140002e9b90 0x140002e9bc0 0x140002e9bf0 0x140002e9c20 0x140002e9c50 0x140002e9c80 0x140002e9cb0 0x140002e9ce0 0x140002e9d10 0x140002e9d40 0x140002e9d70 0x140002e9da0 0x140002e9dd0 0x140002e9e00 0x140002e9e30 0x140002e9e60 0x140002e9e90] 0 false {4294967311 4294967296 0  } {4294967298 4294967296 0  } {4294967307 4294967296 0  } {4294967296 4294967311 0  } false false true true true 0 0 <nil> <nil> 0x1052531e0}
2025/05/14 19:01:10 bucketList found in flex: false
2025/05/14 19:04:34 S3 menu item selected. bucketList pointer: <nil>
2025/05/14 19:04:34 Starting goroutine to load S3 buckets
2025/05/14 19:04:34 Loaded AWS config, creating S3 client
2025/05/14 19:04:35 Fetched buckets, count: 157
2025/05/14 19:04:35 Switching to bucketList panel with filter at bottom
2025/05/14 19:04:41 Loading contents for bucket: admin-dev-pipeline-artifacts
2025/05/14 19:04:47 Loading contents for bucket: academy-test-pipeline-artifacts
2025/05/14 19:04:54 Downloaded academy-test-pipelin/sources/Iwx9uom successfully
2025/05/14 19:16:17 S3 menu item selected. bucketList pointer: <nil>
2025/05/14 19:16:17 Starting goroutine to load S3 buckets
2025/05/14 19:16:17 Loaded AWS config, creating S3 client
2025/05/14 19:16:18 Fetched buckets, count: 157
2025/05/14 19:16:18 Switching to bucketList panel with filter at bottom
2025/05/14 19:17:40 S3 menu item selected. bucketList pointer: <nil>
2025/05/14 19:17:40 Starting goroutine to load S3 buckets
2025/05/14 19:17:40 Loaded AWS config, creating S3 client
2025/05/14 19:17:41 Fetched buckets, count: 157
2025/05/14 19:17:41 Switching to bucketList panel with filter at bottom
2025/05/14 19:17:45 Loading contents for bucket: academy-acp-course-videos
2025/05/14 19:19:00 S3 menu item selected. bucketList pointer: <nil>
2025/05/14 19:19:00 Starting goroutine to load S3 buckets
2025/05/14 19:19:00 Loaded AWS config, creating S3 client
2025/05/14 19:19:02 Fetched buckets, count: 157
2025/05/14 19:19:02 Switching to bucketList panel with filter at bottom
2025/05/14 19:19:31 Loading contents for bucket: ehr-data-assist-dev-eu-west-1
2025/05/14 19:19:35 Loading contents for bucket: ehr-data-assist-test-eu-west-1
2025/05/14 19:19:38 Loading contents for bucket: ehr-data-assist-test
2025/05/14 19:20:27 S3 menu item selected. bucketList pointer: <nil>
2025/05/14 19:20:27 Starting goroutine to load S3 buckets
2025/05/14 19:20:27 Loaded AWS config, creating S3 client
2025/05/14 19:20:28 Fetched buckets, count: 157
2025/05/14 19:20:28 Switching to bucketList panel with filter at bottom
2025/05/14 19:21:14 S3 menu item selected. bucketList pointer: <nil>
2025/05/14 19:21:14 Starting goroutine to load S3 buckets
2025/05/14 19:21:14 Loaded AWS config, creating S3 client
2025/05/14 19:21:15 Fetched buckets, count: 157
2025/05/14 19:21:15 Switching to bucketList panel with filter at bottom
2025/05/14 19:21:23 Loading contents for bucket: academy-acp-course-videos
2025/05/14 19:23:09 S3 menu item selected. bucketList pointer: <nil>
2025/05/14 19:23:09 Starting goroutine to load S3 buckets
2025/05/14 19:23:09 Loaded AWS config, creating S3 client
2025/05/14 19:23:10 Fetched buckets, count: 157
2025/05/14 19:23:10 Switching to bucketList panel with filter at bottom
2025/05/14 19:23:44 S3 menu item selected. bucketList pointer: <nil>
2025/05/14 19:23:44 Starting goroutine to load S3 buckets
2025/05/14 19:23:44 Loaded AWS config, creating S3 client
2025/05/14 19:23:45 Fetched buckets, count: 157
2025/05/14 19:23:45 Switching to bucketList panel with filter at bottom
2025/05/14 19:24:04 Loading contents for bucket: ehr-data-assist-dev
2025/05/14 19:27:51 S3 menu item selected. bucketList pointer: <nil>
2025/05/14 19:27:51 Starting goroutine to load S3 buckets
2025/05/14 19:27:51 Loaded AWS config, creating S3 client
2025/05/14 19:27:52 Fetched buckets, count: 157
2025/05/14 19:27:52 Switching to bucketList panel with filter at bottom
2025/05/14 19:28:48 S3 menu item selected. bucketList pointer: <nil>
2025/05/14 19:28:48 Starting goroutine to load S3 buckets
2025/05/14 19:28:48 Loaded AWS config, creating S3 client
2025/05/14 19:28:49 Fetched buckets, count: 157
2025/05/14 19:28:49 Switching to bucketList panel with filter at bottom
2025/05/14 19:28:56 Loading contents for bucket: academy-acp-course-videos
2025/05/14 19:30:09 S3 menu item selected. bucketList pointer: &{0x140002bc700 [0x14000981470 0x140009814a0 0x140009814d0 0x14000981500 0x14000981530 0x14000981560 0x14000981590 0x140009815c0 0x140009815f0 0x14000981620 0x14000981650 0x14000981680 0x140009816b0 0x140009816e0 0x14000981710 0x14000981740 0x14000981770 0x140009817a0 0x140009817d0 0x14000981800 0x14000981830 0x14000981860 0x14000981890 0x140009818c0 0x140009818f0 0x14000981920 0x14000981950 0x14000981980 0x140009819b0 0x140009819e0 0x14000981a10 0x14000981a40 0x14000981a70 0x14000981aa0 0x14000981ad0 0x14000981b00 0x14000981b30 0x14000981b60 0x14000981b90 0x14000981bc0 0x14000981bf0 0x14000981c20 0x14000981c50 0x14000981c80 0x14000981cb0 0x14000981ce0 0x14000981d10 0x14000981d40 0x14000981d70 0x14000981da0 0x14000981dd0 0x14000981e00 0x14000981e30 0x14000981e60 0x14000981e90 0x14000981ec0 0x14000981ef0 0x14000981f20 0x14000981f50 0x140009ea000 0x140009ea030 0x140009ea060 0x140009ea090 0x140009ea0c0 0x140009ea0f0 0x140009ea120 0x140009ea150 0x140009ea180 0x140009ea1b0 0x140009ea1e0 0x140009ea210 0x140009ea240 0x140009ea270 0x140009ea2a0 0x140009ea2d0 0x140009ea300 0x140009ea330 0x140009ea360 0x140009ea390 0x140009ea3c0 0x140009ea3f0 0x140009ea420 0x140009ea450 0x140009ea480 0x140009ea4b0 0x140009ea4e0 0x140009ea510 0x140009ea540 0x140009ea570 0x140009ea5a0 0x140009ea5d0 0x140009ea600 0x140009ea630 0x140009ea660 0x140009ea690 0x140009ea6c0 0x140009ea6f0 0x140009ea720 0x140009ea750 0x140009ea780 0x140009ea7b0 0x140009ea7e0 0x140009ea810 0x140009ea840 0x140009ea870 0x140009ea8a0 0x140009ea8d0 0x140009ea900 0x140009ea930 0x140009ea960 0x140009ea990 0x140009ea9c0 0x140009ea9f0 0x140009eaa20 0x140009eaa50 0x140009eaa80 0x140009eaab0 0x140009eaae0 0x140009eab10 0x140009eab40 0x140009eab70 0x140009eaba0 0x140009eabd0 0x140009eac00 0x140009eac30 0x140009eac60 0x140009eac90 0x140009eacc0 0x140009eacf0 0x140009ead20 0x140009ead50 0x140009ead80 0x140009eadb0 0x140009eade0 0x140009eae10 0x140009eae40 0x140009eae70 0x140009eaea0 0x140009eaed0 0x140009eaf00 0x140009eaf30 0x140009eaf60 0x140009eaf90 0x140009eafc0 0x140009eaff0 0x140009eb020 0x140009eb050 0x140009eb080 0x140009eb0b0 0x140009eb0e0 0x140009eb110 0x140009eb140 0x140009eb170 0x140009eb1a0 0x140009eb1d0 0x140009eb200 0x140009eb230] 0 false {0 0 0  } {4294967298 4294967296 0  } {4294967307 4294967296 0  } {4294967296 4294967311 0  } false false true true true 0 0 <nil> <nil> 0x104b92160}
2025/05/14 19:30:09 bucketList found in flex: false
2025/05/14 19:30:25 S3 menu item selected. bucketList pointer: &{0x140002bc700 [0x14000981470 0x140009814a0 0x140009814d0 0x14000981500 0x14000981530 0x14000981560 0x14000981590 0x140009815c0 0x140009815f0 0x14000981620 0x14000981650 0x14000981680 0x140009816b0 0x140009816e0 0x14000981710 0x14000981740 0x14000981770 0x140009817a0 0x140009817d0 0x14000981800 0x14000981830 0x14000981860 0x14000981890 0x140009818c0 0x140009818f0 0x14000981920 0x14000981950 0x14000981980 0x140009819b0 0x140009819e0 0x14000981a10 0x14000981a40 0x14000981a70 0x14000981aa0 0x14000981ad0 0x14000981b00 0x14000981b30 0x14000981b60 0x14000981b90 0x14000981bc0 0x14000981bf0 0x14000981c20 0x14000981c50 0x14000981c80 0x14000981cb0 0x14000981ce0 0x14000981d10 0x14000981d40 0x14000981d70 0x14000981da0 0x14000981dd0 0x14000981e00 0x14000981e30 0x14000981e60 0x14000981e90 0x14000981ec0 0x14000981ef0 0x14000981f20 0x14000981f50 0x140009ea000 0x140009ea030 0x140009ea060 0x140009ea090 0x140009ea0c0 0x140009ea0f0 0x140009ea120 0x140009ea150 0x140009ea180 0x140009ea1b0 0x140009ea1e0 0x140009ea210 0x140009ea240 0x140009ea270 0x140009ea2a0 0x140009ea2d0 0x140009ea300 0x140009ea330 0x140009ea360 0x140009ea390 0x140009ea3c0 0x140009ea3f0 0x140009ea420 0x140009ea450 0x140009ea480 0x140009ea4b0 0x140009ea4e0 0x140009ea510 0x140009ea540 0x140009ea570 0x140009ea5a0 0x140009ea5d0 0x140009ea600 0x140009ea630 0x140009ea660 0x140009ea690 0x140009ea6c0 0x140009ea6f0 0x140009ea720 0x140009ea750 0x140009ea780 0x140009ea7b0 0x140009ea7e0 0x140009ea810 0x140009ea840 0x140009ea870 0x140009ea8a0 0x140009ea8d0 0x140009ea900 0x140009ea930 0x140009ea960 0x140009ea990 0x140009ea9c0 0x140009ea9f0 0x140009eaa20 0x140009eaa50 0x140009eaa80 0x140009eaab0 0x140009eaae0 0x140009eab10 0x140009eab40 0x140009eab70 0x140009eaba0 0x140009eabd0 0x140009eac00 0x140009eac30 0x140009eac60 0x140009eac90 0x140009eacc0 0x140009eacf0 0x140009ead20 0x140009ead50 0x140009ead80 0x140009eadb0 0x140009eade0 0x140009eae10 0x140009eae40 0x140009eae70 0x140009eaea0 0x140009eaed0 0x140009eaf00 0x140009eaf30 0x140009eaf60 0x140009eaf90 0x140009eafc0 0x140009eaff0 0x140009eb020 0x140009eb050 0x140009eb080 0x140009eb0b0 0x140009eb0e0 0x140009eb110 0x140009eb140 0x140009eb170 0x140009eb1a0 0x140009eb1d0 0x140009eb200 0x140009eb230] 0 false {0 0 0  } {4294967298 4294967296 0  } {4294967307 4294967296 0  } {4294967296 4294967311 0  } false false true true true 0 0 <nil> <nil> 0x104b92160}
2025/05/14 19:30:25 bucketList found in flex: false
2025/05/14 19:38:18 S3 menu item selected. bucketList pointer: <nil>
2025/05/14 19:38:18 Starting goroutine to load S3 buckets
2025/05/14 19:38:18 Loaded AWS config, creating S3 client
2025/05/14 19:38:19 Failed to list S3 buckets: operation error S3: ListBuckets, get identity: get credentials: failed to refresh cached credentials, refresh cached SSO token failed, unable to refresh SSO token, operation error SSO OIDC: CreateToken, https response error StatusCode: 400, RequestID: 5228ab23-49d0-422f-9a2d-ffebc16b6809, InvalidGrantException: 
2025/05/14 20:14:39 S3 menu item selected. bucketList pointer: <nil>
2025/05/14 20:14:39 Starting goroutine to load S3 buckets
2025/05/14 20:14:40 Fetched buckets, count: 157
2025/05/14 20:14:40 Switching to bucketList panel with filter at bottom
2025/05/14 20:14:45 Loading contents for bucket: academy-dta-s3-access-logs
2025/05/14 20:25:13 S3 menu item selected. bucketList pointer: <nil>
2025/05/14 20:25:13 Starting goroutine to load S3 buckets
2025/05/14 20:25:14 Fetched buckets, count: 157
2025/05/14 20:25:14 Switching to bucketList panel with filter at bottom
2025/05/14 20:25:17 Loading contents for bucket: academy-acp-course-videos
2025/05/14 20:26:42 S3 menu item selected. bucketList pointer: <nil>
2025/05/14 20:26:42 Starting goroutine to load S3 buckets
2025/05/14 20:26:43 Fetched buckets, count: 157
2025/05/14 20:26:43 Switching to bucketList panel with filter at bottom
2025/05/14 20:26:44 Loading contents for bucket: academy-acp-course-videos
2025/05/14 20:27:12 S3 menu item selected. bucketList pointer: <nil>
2025/05/14 20:27:12 Starting goroutine to load S3 buckets
2025/05/14 20:27:13 Fetched buckets, count: 157
2025/05/14 20:27:13 Switching to bucketList panel with filter at bottom
2025/05/14 20:27:15 Loading contents for bucket: academy-acp-course-videos
2025/05/14 20:27:26 S3 menu item selected. bucketList pointer: <nil>
2025/05/14 20:27:26 Starting goroutine to load S3 buckets
2025/05/14 20:27:27 Fetched buckets, count: 157
2025/05/14 20:27:27 Switching to bucketList panel with filter at bottom
2025/05/14 20:27:27 Loading contents for bucket: academy-acp-course-videos
2025/05/14 20:31:36 S3 menu item selected. bucketList pointer: <nil>
2025/05/14 20:31:36 Starting goroutine to load S3 buckets
2025/05/14 20:31:37 Fetched buckets, count: 157
2025/05/14 20:31:37 Switching to bucketList panel with filter at bottom
2025/05/14 20:31:42 Loading contents for bucket: academy-acp-course-videos
2025/05/14 20:32:04 Loading contents for bucket: ehr-data-assist-dev
2025/05/14 20:32:44 S3 menu item selected. bucketList pointer: &{0x14000338500 [0x140004e21b0 0x140004e21e0 0x140004e2210 0x140004e2240 0x140004e2270] 1 false {0 0 0  } {4294967298 4294967296 0  } {4294967307 4294967296 0  } {4294967296 4294967311 0  } false false true true true 0 0 <nil> <nil> 0x1027bd3a0}
2025/05/14 20:32:44 bucketList found in flex: false
2025/05/14 20:40:43 S3 menu item selected. bucketList pointer: <nil>
2025/05/14 20:40:43 Starting goroutine to load S3 buckets
2025/05/14 20:40:44 Fetched buckets, count: 157
2025/05/14 20:40:44 Switching to bucketList panel with filter at bottom
2025/05/14 20:44:44 S3 menu item selected. bucketList pointer: <nil>
2025/05/14 20:44:44 Starting goroutine to load S3 buckets
2025/05/14 20:44:45 Fetched buckets, count: 157
2025/05/14 20:44:45 Switching to bucketList panel with filter at bottom
2025/05/14 20:45:06 S3 menu item selected. bucketList pointer: &{0x14000360700 [0x1400009f9b0 0x1400009f9e0 0x1400009fa10 0x1400009fa40 0x1400009fa70 0x1400009faa0 0x1400009fad0 0x1400009fb00 0x1400009fb30 0x1400009fb60 0x1400009fb90 0x1400009fbc0 0x1400009fbf0 0x1400009fc20 0x1400009fc50 0x1400009fc80 0x1400009fcb0 0x1400009fce0 0x1400009fd10 0x1400009fd40 0x1400009fd70 0x1400009fda0 0x1400009fdd0 0x1400009fe00 0x1400009fe30 0x1400009fe60 0x1400009fe90 0x1400009fec0 0x1400009fef0 0x1400009ff20 0x1400009ff50 0x140006a4000 0x140006a4030 0x140006a4060 0x140006a4090 0x140006a40c0 0x140006a40f0 0x140006a4120 0x140006a4150 0x140006a4180 0x140006a41b0 0x140006a41e0 0x140006a4210 0x140006a4240 0x140006a4270 0x140006a42a0 0x140006a42d0 0x140006a4300 0x140006a4330 0x140006a4360 0x140006a4390 0x140006a43c0 0x140006a43f0 0x140006a4420 0x140006a4450 0x140006a4480 0x140006a44b0 0x140006a44e0 0x140006a4510 0x140006a4540 0x140006a4570 0x140006a45a0 0x140006a45d0 0x140006a4600 0x140006a4630 0x140006a4660 0x140006a4690 0x140006a46c0 0x140006a46f0 0x140006a4720 0x140006a4750 0x140006a4780 0x140006a47b0 0x140006a47e0 0x140006a4810 0x140006a4840 0x140006a4870 0x140006a48a0 0x140006a48d0 0x140006a4900 0x140006a4930 0x140006a4960 0x140006a4990 0x140006a49c0 0x140006a49f0 0x140006a4a20 0x140006a4a50 0x140006a4a80 0x140006a4ab0 0x140006a4ae0 0x140006a4b10 0x140006a4b40 0x140006a4b70 0x140006a4ba0 0x140006a4bd0 0x140006a4c00 0x140006a4c30 0x140006a4c60 0x140006a4c90 0x140006a4cc0 0x140006a4cf0 0x140006a4d20 0x140006a4d50 0x140006a4d80 0x140006a4db0 0x140006a4de0 0x140006a4e10 0x140006a4e40 0x140006a4e70 0x140006a4ea0 0x140006a4ed0 0x140006a4f00 0x140006a4f30 0x140006a4f60 0x140006a4f90 0x140006a4fc0 0x140006a4ff0 0x140006a5020 0x140006a5050 0x140006a5080 0x140006a50b0 0x140006a50e0 0x140006a5110 0x140006a5140 0x140006a5170 0x140006a51a0 0x140006a51d0 0x140006a5200 0x140006a5230 0x140006a5260 0x140006a5290 0x140006a52c0 0x140006a52f0 0x140006a5320 0x140006a5350 0x140006a5380 0x140006a53b0 0x140006a53e0 0x140006a5410 0x140006a5440 0x140006a5470 0x140006a54a0 0x140006a54d0 0x140006a5500 0x140006a5530 0x140006a5560 0x140006a5590 0x140006a55c0 0x140006a55f0 0x140006a5620 0x140006a5650 0x140006a5680 0x140006a56b0 0x140006a56e0 0x140006a5710 0x140006a5740 0x140006a5770] 4 false {0 0 0  } {4294967298 4294967296 0  } {4294967307 4294967296 0  } {4294967296 4294967311 0  } false false true true true 0 0 <nil> <nil> 0x10316d530}
2025/05/14 20:45:06 bucketList found in flex: false
2025/05/14 20:51:55 S3 menu item selected. bucketList pointer: <nil>
2025/05/14 20:51:55 Starting goroutine to load S3 buckets
2025/05/14 20:51:57 Fetched buckets, count: 157
2025/05/14 20:51:57 Switching to bucketList panel with filter at bottom
2025/05/14 20:52:59 S3 menu item selected. bucketList pointer: <nil>
2025/05/14 20:52:59 Starting goroutine to load S3 buckets
2025/05/14 20:53:00 Fetched buckets, count: 157
2025/05/14 20:53:00 Switching to bucketList panel with filter at bottom
2025/05/14 20:53:00 Current focus: &{0x140002bc400 [0x14000508cf0 0x14000508d20 0x14000508d50 0x14000508d80 0x14000508db0 0x14000508de0 0x14000508e10 0x14000508e40 0x14000508e70 0x14000508ea0 0x14000508ed0 0x14000508f00 0x14000508f30 0x14000508f60 0x14000508f90 0x14000508fc0 0x14000508ff0 0x14000509020 0x14000509050 0x14000509080 0x140005090b0 0x140005090e0 0x14000509110 0x14000509140 0x14000509170 0x140005091a0 0x140005091d0 0x14000509200 0x14000509230 0x14000509260 0x14000509290 0x140005092c0 0x140005092f0 0x14000509320 0x14000509350 0x14000509380 0x140005093b0 0x140005093e0 0x14000509410 0x14000509440 0x14000509470 0x140005094a0 0x140005094d0 0x14000509500 0x14000509530 0x14000509560 0x14000509590 0x140005095c0 0x140005095f0 0x14000509620 0x14000509650 0x14000509680 0x140005096b0 0x140005096e0 0x14000509710 0x14000509740 0x14000509770 0x140005097a0 0x140005097d0 0x14000509800 0x14000509830 0x14000509860 0x14000509890 0x140005098c0 0x140005098f0 0x14000509920 0x14000509950 0x14000509980 0x140005099b0 0x140005099e0 0x14000509a10 0x14000509a40 0x14000509a70 0x14000509aa0 0x14000509ad0 0x14000509b00 0x14000509b30 0x14000509b60 0x14000509b90 0x14000509bc0 0x14000509bf0 0x14000509c20 0x14000509c50 0x14000509c80 0x14000509cb0 0x14000509ce0 0x14000509d10 0x14000509d40 0x14000509d70 0x14000509da0 0x14000509dd0 0x14000509e00 0x14000509e30 0x14000509e60 0x14000509e90 0x14000509ec0 0x14000509ef0 0x14000509f20 0x14000509f50 0x1400061e000 0x1400061e030 0x1400061e060 0x1400061e090 0x1400061e0c0 0x1400061e0f0 0x1400061e120 0x1400061e150 0x1400061e180 0x1400061e1b0 0x1400061e1e0 0x1400061e210 0x1400061e240 0x1400061e270 0x1400061e2a0 0x1400061e2d0 0x1400061e300 0x1400061e330 0x1400061e360 0x1400061e390 0x1400061e3c0 0x1400061e3f0 0x1400061e420 0x1400061e450 0x1400061e480 0x1400061e4b0 0x1400061e4e0 0x1400061e510 0x1400061e540 0x1400061e570 0x1400061e5a0 0x1400061e5d0 0x1400061e600 0x1400061e630 0x1400061e660 0x1400061e690 0x1400061e6c0 0x1400061e6f0 0x1400061e720 0x1400061e750 0x1400061e780 0x1400061e7b0 0x1400061e7e0 0x1400061e810 0x1400061e840 0x1400061e870 0x1400061e8a0 0x1400061e8d0 0x1400061e900 0x1400061e930 0x1400061e960 0x1400061e990 0x1400061e9c0 0x1400061e9f0 0x1400061ea20 0x1400061ea50 0x1400061ea80 0x1400061eab0] 0 false {0 0 0  } {4294967298 4294967296 0  } {4294967307 4294967296 0  } {4294967296 4294967311 0  } false false true true true 0 0 <nil> <nil> 0x100725530}
2025/05/14 20:53:00 Current focus: &{0x140001ac000 [0x1400009ea20 0x1400009ea50 0x1400009ea80 0x1400009eab0] 0 false {0 0 0  } {0 0 0  } {4294967307 4294967296 0  } {4294967296 4294967311 0  } false false true true true 0 0 <nil> <nil> <nil>}
2025/05/14 21:00:14 S3 menu item selected. bucketList pointer: <nil>
2025/05/14 21:00:14 Starting goroutine to load S3 buckets
2025/05/14 21:00:15 Fetched buckets, count: 157
2025/05/14 21:00:15 Switching to bucketList panel with filter at bottom
2025/05/14 21:06:17 S3 menu item selected. bucketList pointer: <nil>
2025/05/14 21:06:17 Starting goroutine to load S3 buckets
2025/05/14 21:06:18 Fetched buckets, count: 157
2025/05/14 21:06:18 Switching to bucketList panel with filter at bottom
2025/05/14 21:06:54 S3 menu item selected. bucketList pointer: <nil>
2025/05/14 21:06:54 Starting goroutine to load S3 buckets
2025/05/14 21:06:55 Fetched buckets, count: 157
2025/05/14 21:06:55 Switching to bucketList panel with filter at bottom
2025/05/14 21:07:31 S3 menu item selected. bucketList pointer: <nil>
2025/05/14 21:07:31 Starting goroutine to load S3 buckets
2025/05/14 21:07:32 Fetched buckets, count: 157
2025/05/14 21:07:32 Switching to bucketList panel with filter at bottom
2025/05/14 21:07:40 Loading contents for bucket: academy-acp-course-videos
2025/05/14 21:08:45 S3 menu item selected. bucketList pointer: <nil>
2025/05/14 21:08:45 Starting goroutine to load S3 buckets
2025/05/14 21:08:46 Fetched buckets, count: 157
2025/05/14 21:08:46 Switching to bucketList panel with filter at bottom
2025/05/14 21:09:52 S3 menu item selected. bucketList pointer: <nil>
2025/05/14 21:09:52 Starting goroutine to load S3 buckets
2025/05/14 21:09:53 Fetched buckets, count: 157
2025/05/14 21:09:53 Switching to bucketList panel with filter at bottom
2025/05/14 21:12:39 S3 menu item selected. bucketList pointer: <nil>
2025/05/14 21:12:39 Starting goroutine to load S3 buckets
2025/05/14 21:12:40 Fetched buckets, count: 157
2025/05/14 21:12:40 Switching to bucketList panel with filter at bottom
2025/05/14 21:13:20 Loading contents for bucket: sso-test-website-bucket
2025/05/14 21:15:02 S3 menu item selected. bucketList pointer: <nil>
2025/05/14 21:15:02 Starting goroutine to load S3 buckets
2025/05/14 21:15:03 Fetched buckets, count: 157
2025/05/14 21:15:03 Switching to bucketList panel with filter at bottom
2025/05/14 21:15:06 Loading contents for bucket: academy-acp-course-videos
2025/05/14 21:16:04 S3 menu item selected. bucketList pointer: <nil>
2025/05/14 21:16:04 Starting goroutine to load S3 buckets
2025/05/14 21:16:05 Fetched buckets, count: 157
2025/05/14 21:16:05 Switching to bucketList panel with filter at bottom
2025/05/14 21:16:10 Loading contents for bucket: academy-acp-course-videos
2025/05/14 21:21:11 Loading contents for bucket: academy-acp-course-videos
2025/05/14 21:33:54 Loading contents for bucket: academy-acp-course-videos
2025/05/14 21:40:54 Loading contents for bucket: academy-acp-pipeline-artifacts
2025/05/14 21:40:59 Selected object: academy-acp-pipeline/sources/08xRbG2
2025/05/14 21:43:19 Loading contents for bucket: academy-dta-s3-access-logs
2025/05/14 21:44:48 Loading contents for bucket: academy-acp-course-videos
2025/05/14 21:49:29 Loading contents for bucket: academy-acp-course-videos
2025/05/14 22:00:21 Loading contents for bucket: academy-acp-course-videos
